<?xml version="1.0" encoding="UTF-8"?>
<Site BuildName="(empty)"
	BuildStamp="20260912-1312-Experimental"
	Name="(empty)"
	Generator="ctest-4.4.3"
	CompilerName=""
	CompilerVersion=""
	OSName="Windows"
	Hostname="IceZenbook"
	OSRelease="10.0.26200"
	OSVersion="Windows 10"
	OSPlatform="AMD64"
	Is64Bits="1"
	VendorString="GenuineIntel"
	VendorID="Intel Corporation"
	FamilyID="6"
	ModelID="5"
	ModelName=""
	ProcessorCacheSize="-1"
	NumberOfLogicalCPU="16"
	NumberOfPhysicalCPU="16"
	TotalVirtualMemory="29696"
	TotalPhysicalMemory="32125"
	LogicalProcessorsPerPhysical="1"
	ProcessorClockFrequency="2900.000000"
	>
	<Testing>
		<StartDateTime>Sep 12 23:12 AUS Eastern Standard Time</StartDateTime>
		<StartTestTime>1789218750</StartTestTime>
		<TestList/>
		<EndDateTime>Sep 12 23:12 AUS Eastern Standard Time</EndDateTime>
		<EndTestTime>1789218750</EndTestTime>
		<ElapsedMinutes>0</ElapsedMinutes>
	</Testing>
</Site>
